#-----------------------------------------------------------
# Vivado v2019.2 (64-bit)
# SW Build 2708876 on Wed Nov  6 21:40:23 MST 2019
# IP Build 2700528 on Thu Nov  7 00:09:20 MST 2019
# Start of session at: Wed Feb  8 20:16:42 2023
# Process ID: 14516
# Current directory: D:/code/latest_code/implementation_running/final_code_nexys/final_code_nexys
# Command line: vivado.exe -gui_launcher_event rodinguilauncherevent9612 D:\code\latest_code\implementation_running\final_code_nexys\final_code_nexys\final_code_nexys.xpr
# Log file: D:/code/latest_code/implementation_running/final_code_nexys/final_code_nexys/vivado.log
# Journal file: D:/code/latest_code/implementation_running/final_code_nexys/final_code_nexys\vivado.jou
#-----------------------------------------------------------
start_gui
open_project D:/code/latest_code/implementation_running/final_code_nexys/final_code_nexys/final_code_nexys.xpr
Scanning sources...
Finished scanning sources
INFO: [IP_Flow 19-234] Refreshing IP repositories
INFO: [IP_Flow 19-1704] No user IP repositories specified
INFO: [IP_Flow 19-2313] Loaded Vivado IP repository 'D:/DS_LAB/Vivado/2019.2/data/ip'.
open_project: Time (s): cpu = 00:00:27 ; elapsed = 00:00:14 . Memory (MB): peak = 936.637 ; gain = 292.105
update_compile_order -fileset sources_1
exit
INFO: [Common 17-206] Exiting Vivado at Thu Feb  9 00:26:48 2023...
